[17:14:05.662] [INFO] Storybook Upgrade - v9.1.7
[17:14:05.698] [INFO] detect-projects-spinner-start: Detecting projects...
[17:14:05.699] [DEBUG] Finding Storybook projects...
[17:14:05.855] [DEBUG] Found 1 Storybook projects
[17:14:05.856] [INFO] detect-projects-spinner: Detecting projects: 1 projects
[17:14:05.856] [DEBUG] Getting Storybook data...
[17:14:05.856] [DEBUG] Getting Storybook info...
[17:14:05.857] [DEBUG] Loading main config...
[17:14:06.069] [DEBUG] Getting stories paths...
[17:14:06.083] [DEBUG] Getting package manager...
[17:14:06.406] [DEBUG] Getting Storybook version...
[17:14:06.407] [DEBUG] C:/Users/enalm/code/open/tanstarter/.storybook - Validating before version... 9.1.7
[17:14:06.407] [DEBUG] C:/Users/enalm/code/open/tanstarter/.storybook - Validating upgrade compatibility...
[17:14:06.407] [DEBUG] C:/Users/enalm/code/open/tanstarter/.storybook - Fetching NPM version information...
[17:14:06.407] [DEBUG] Getting CLI versions from NPM for storybook...
[17:14:06.412] [DEBUG] Getting CLI versions from NPM for storybook@next...
[17:14:07.028] [DEBUG] C:/Users/enalm/code/open/tanstarter/.storybook - Evaluating blockers...
[17:14:07.031] [DEBUG] Getting installed version for @storybook/experimental-addon-test...
[17:14:08.765] [DEBUG] An issue occurred while trying to find dependencies metadata using npm.
[17:14:08.765] [INFO] detect-projects-spinner-stop: 1 project detected
[17:14:08.765] [DEBUG] Found 1 valid projects and 0 error projects
[17:14:08.765] [INFO] Upgrading from 9.1.7 to 9.1.7
[17:14:08.793] [INFO] upgrade-dependencies-task-start: Fetching versions to update package.json files..
[17:14:08.793] [DEBUG] Updating dependencies in C:/Users/enalm/code/open/tanstarter/.storybook...
[17:14:08.818] [INFO] upgrade-dependencies-task: \package.json
[17:14:08.819] [DEBUG] Getting CLI versions from NPM for @storybook/addon-coverage...
[17:14:08.824] [DEBUG] Getting CLI versions from NPM for @storybook/test-runner...
[17:14:09.409] [DEBUG] {
  "upgradedDependencies": []
}
[17:14:09.409] [DEBUG] {
  "upgradedDevDependencies": [
    "@storybook/addon-a11y@^9.1.7",
    "@storybook/addon-links@^9.1.7",
    "@storybook/addon-themes@^9.1.7",
    "@storybook/react@^9.1.7",
    "@storybook/react-vite@^9.1.7",
    "storybook@^9.1.7",
    "@storybook/addon-coverage@^2.0.0",
    "@storybook/test-runner@^0.23.0"
  ]
}
[17:14:09.409] [DEBUG] {
  "upgradedPeerDependencies": []
}
[17:14:09.410] [DEBUG] Getting CLI versions from NPM for @storybook/addon-a11y...
[17:14:10.222] [DEBUG] Getting CLI versions from NPM for @storybook/addon-links...
[17:14:10.995] [DEBUG] Getting CLI versions from NPM for @storybook/addon-themes...
[17:14:11.592] [DEBUG] Getting CLI versions from NPM for @storybook/react...
[17:14:12.675] [DEBUG] Getting CLI versions from NPM for @storybook/react-vite...
[17:14:13.278] [DEBUG] Using cached version for storybook...
[17:14:13.278] [DEBUG] Using cached version for @storybook/addon-coverage...
[17:14:13.278] [DEBUG] Using cached version for @storybook/test-runner...
[17:14:13.280] [INFO] upgrade-dependencies-task-success: Updated package versions in package.json files
[17:14:13.280] [INFO] detect-automigrations-task-start: Detecting automigrations...
[17:14:13.280] [DEBUG] Starting automigration collection across 1 projects and 15 fixes...
[17:14:13.305] [INFO] detect-automigrations-task: Checking automigrations for C:/Users/enalm/code/open/tanstarter/.storybook...
[17:14:13.305] [DEBUG] Processing project: C:/Users/enalm/code/open/tanstarter/.storybook
[17:14:13.305] [DEBUG] Checking fix eslintPlugin for project C:/Users/enalm/code/open/tanstarter/.storybook...
[17:14:13.309] [DEBUG] Checking fix addon-mdx-gfm-remove for project C:/Users/enalm/code/open/tanstarter/.storybook...
[17:14:13.310] [DEBUG] Checking fix addon-storysource-code-panel for project C:/Users/enalm/code/open/tanstarter/.storybook...
[17:14:13.310] [DEBUG] Checking fix upgrade-storybook-related-dependencies for project C:/Users/enalm/code/open/tanstarter/.storybook...
[17:14:13.310] [DEBUG] Checking for incompatible storybook packages...
[17:14:13.312] [DEBUG] Getting installed version for @storybook/addon-essentials...
[17:14:13.314] [DEBUG] Getting installed version for @storybook/addon-interactions...
[17:14:15.089] [DEBUG] Getting CLI versions from NPM for @storybook/addon-interactions...
[17:14:15.095] [DEBUG] Getting CLI versions from NPM for @storybook/addon-essentials...
[17:14:15.783] [DEBUG] Checking fix initial-globals for project C:/Users/enalm/code/open/tanstarter/.storybook...
[17:14:15.796] [DEBUG] Checking fix addon-a11y-addon-test for project C:/Users/enalm/code/open/tanstarter/.storybook...
[17:14:15.796] [DEBUG] Checking fix consolidated-imports for project C:/Users/enalm/code/open/tanstarter/.storybook...
[17:14:15.797] [DEBUG] Checking fix addon-experimental-test for project C:/Users/enalm/code/open/tanstarter/.storybook...
[17:14:15.797] [DEBUG] Using cached installed version for @storybook/experimental-addon-test...
[17:14:15.797] [DEBUG] Checking fix rnstorybook-config for project C:/Users/enalm/code/open/tanstarter/.storybook...
[17:14:15.797] [DEBUG] Checking fix remove-addon-interactions for project C:/Users/enalm/code/open/tanstarter/.storybook...
[17:14:15.798] [DEBUG] Checking fix renderer-to-framework for project C:/Users/enalm/code/open/tanstarter/.storybook...
[17:14:15.798] [DEBUG] Checking fix remove-essential-addons for project C:/Users/enalm/code/open/tanstarter/.storybook...
[17:14:15.798] [DEBUG] Checking fix addon-a11y-parameters for project C:/Users/enalm/code/open/tanstarter/.storybook...
[17:14:15.798] [DEBUG] Checking fix remove-docs-autodocs for project C:/Users/enalm/code/open/tanstarter/.storybook...
[17:14:15.802] [DEBUG] Checking fix wrap-require for project C:/Users/enalm/code/open/tanstarter/.storybook...
[17:14:15.832] [INFO] detect-automigrations-task: 
Automigrations detected:
[17:14:15.857] [INFO] detect-automigrations-task: ✔ remove-addon-interactions
[17:14:15.882] [INFO] detect-automigrations-task: ✔ renderer-to-framework
[17:14:15.905] [INFO] detect-automigrations-task: ✔ remove-essential-addons
[17:14:15.906] [INFO] detect-automigrations-task-success: 3 automigration(s) detected
[17:14:21.233] [PROMPT] Select automigrations to run {"choice":["remove-addon-interactions","renderer-to-framework","remove-essential-addons"]}
[17:14:21.233] [INFO] automigrate-C:/Users/enalm/code/open/tanstarter/.storybook-task-start: Running automigrations for C:/Users/enalm/code/open/tanstarter/.storybook
[17:14:21.236] [DEBUG] Uninstalling @storybook/addon-interactions
[17:14:21.263] [INFO] automigrate-C:/Users/enalm/code/open/tanstarter/.storybook-task: ✔ remove-addon-interactions
[17:14:21.264] [DEBUG] 
Migrating @storybook/react to @storybook/react-vite
[17:14:21.267] [DEBUG] Updating package.json files...
[17:14:21.293] [INFO] automigrate-C:/Users/enalm/code/open/tanstarter/.storybook-task: ✔ renderer-to-framework
[17:14:21.296] [DEBUG] Uninstalling @storybook/addon-essentials
[17:14:21.296] [DEBUG] Removing '@storybook/addon-essentials' from main.js addons field.
[17:14:21.302] [DEBUG] Getting Storybook info...
[17:14:21.303] [DEBUG] Loading main config...
[17:14:21.308] [DEBUG] Getting stories paths...
[17:14:21.308] [DEBUG] Getting package manager...
[17:14:21.312] [DEBUG] Getting Storybook version...
[17:14:21.344] [INFO] automigrate-C:/Users/enalm/code/open/tanstarter/.storybook-task: Verifying @storybook/addon-docs
[17:14:21.369] [INFO] automigrate-C:/Users/enalm/code/open/tanstarter/.storybook-task: Installing @storybook/addon-docs@^9.1.7
[17:14:21.370] [DEBUG] Getting CLI versions from NPM for @storybook/addon-docs...
[17:14:22.159] [INFO] automigrate-C:/Users/enalm/code/open/tanstarter/.storybook-task: Adding '@storybook/addon-docs' to the "addons" field in
C:\Users\enalm\code\open\tanstarter\.storybook\main.ts
[17:14:22.191] [INFO] automigrate-C:/Users/enalm/code/open/tanstarter/.storybook-task: ✔ remove-essential-addons
[17:14:22.192] [INFO] automigrate-C:/Users/enalm/code/open/tanstarter/.storybook-task-success: Completed automigrations for C:/Users/enalm/code/open/tanstarter/.storybook
[17:14:22.192] [INFO] Installing dependencies...
[17:14:22.192] [INFO] install-dependencies-task-start: Installing dependencies...
[17:14:23.650] [INFO] Dependencies installed
[17:14:23.650] [INFO] install-dependencies-task-success: Dependencies installed
[17:14:23.651] [WARN] Since you are in a monorepo, we advise you to deduplicate your dependencies. We can do this for you but it might take some time.
[17:14:29.955] [PROMPT] Execute bun run dedupe? {"choice":true}
[17:14:29.955] [INFO] Deduplicating dependencies...
[17:14:29.955] [INFO] dedupe-dependencies-task-start: Deduplicating dependencies...
[17:14:29.995] [ERROR] An error occurred while deduplicating dependencies. {"error":"Error: Command failed with exit code 1: bun dedupe\nerror: Script not found \"dedupe\"\n    at makeError (C:\\Users\\enalm\\AppData\\Local\\npm-cache\\_npx\\f18322ea48f60444\\node_modules\\storybook\\dist\\common\\index.cjs:24553:67)\n    at handlePromise (C:\\Users\\enalm\\AppData\\Local\\npm-cache\\_npx\\f18322ea48f60444\\node_modules\\storybook\\dist\\common\\index.cjs:25171:15)\n    at process.processTicksAndRejections (node:internal/process/task_queues:105:5)\n    at async Object.executeTask (C:\\Users\\enalm\\AppData\\Local\\npm-cache\\_npx\\f18322ea48f60444\\node_modules\\storybook\\dist\\node-logger\\index.cjs:9094:11)\n    at async So.dedupeDependencies (C:\\Users\\enalm\\AppData\\Local\\npm-cache\\_npx\\f18322ea48f60444\\node_modules\\storybook\\dist\\common\\index.cjs:25481:5)\n    at async C:\\Users\\enalm\\AppData\\Local\\npm-cache\\_npx\\f18322ea48f60444\\node_modules\\@storybook\\cli\\dist\\bin\\index.cjs:290:1344\n    at async withTelemetry (C:\\Users\\enalm\\AppData\\Local\\npm-cache\\_npx\\f18322ea48f60444\\node_modules\\storybook\\dist\\core-server\\index.cjs:42279:12)\n    at async upgrade (C:\\Users\\enalm\\AppData\\Local\\npm-cache\\_npx\\f18322ea48f60444\\node_modules\\@storybook\\cli\\dist\\bin\\index.cjs:285:1361)\n    at async Command.<anonymous> (C:\\Users\\enalm\\AppData\\Local\\npm-cache\\_npx\\f18322ea48f60444\\node_modules\\@storybook\\cli\\dist\\bin\\index.cjs:291:3312)"}
[17:14:29.995] [ERROR] dedupe-dependencies-task-error: An error occurred while deduplicating dependencies.
[17:14:29.996] [ERROR] Error: Command failed with exit code 1: bun dedupe
error: Script not found "dedupe"
    at makeError (C:\Users\enalm\AppData\Local\npm-cache\_npx\f18322ea48f60444\node_modules\storybook\dist\common\index.cjs:24553:67)
    at handlePromise (C:\Users\enalm\AppData\Local\npm-cache\_npx\f18322ea48f60444\node_modules\storybook\dist\common\index.cjs:25171:15)
    at process.processTicksAndRejections (node:internal/process/task_queues:105:5)
    at async Object.executeTask (C:\Users\enalm\AppData\Local\npm-cache\_npx\f18322ea48f60444\node_modules\storybook\dist\node-logger\index.cjs:9094:11)
    at async So.dedupeDependencies (C:\Users\enalm\AppData\Local\npm-cache\_npx\f18322ea48f60444\node_modules\storybook\dist\common\index.cjs:25481:5)
    at async C:\Users\enalm\AppData\Local\npm-cache\_npx\f18322ea48f60444\node_modules\@storybook\cli\dist\bin\index.cjs:290:1344
    at async withTelemetry (C:\Users\enalm\AppData\Local\npm-cache\_npx\f18322ea48f60444\node_modules\storybook\dist\core-server\index.cjs:42279:12)
    at async upgrade (C:\Users\enalm\AppData\Local\npm-cache\_npx\f18322ea48f60444\node_modules\@storybook\cli\dist\bin\index.cjs:285:1361)
    at async Command.<anonymous> (C:\Users\enalm\AppData\Local\npm-cache\_npx\f18322ea48f60444\node_modules\@storybook\cli\dist\bin\index.cjs:291:3312)
[17:14:30.024] [INFO] Attention: Storybook now collects completely anonymous telemetry regarding usage. This information is used to shape Storybook's roadmap and prioritize features.
[17:14:30.051] [INFO] You can learn more, including how to opt-out if you'd not like to participate in this anonymous program, by visiting the following URL:
[17:14:30.076] [INFO] https://storybook.js.org/telemetry
[17:14:30.102] [INFO] 
[17:14:30.781] [ERROR] Error: Command failed with exit code 1: bun dedupe
error: Script not found "dedupe"